[debug] [2020-03-14T04:23:31.458Z] ----------------------------------------------------------------------
[debug] [2020-03-14T04:23:31.460Z] Command:       /usr/local/bin/node /usr/local/bin/firebase deploy
[debug] [2020-03-14T04:23:31.460Z] CLI Version:   7.14.0
[debug] [2020-03-14T04:23:31.460Z] Platform:      darwin
[debug] [2020-03-14T04:23:31.460Z] Node Version:  v12.16.0
[debug] [2020-03-14T04:23:31.463Z] Time:          Sat Mar 14 2020 00:23:31 GMT-0400 (Eastern Daylight Time)
[debug] [2020-03-14T04:23:31.463Z] ----------------------------------------------------------------------
[debug] [2020-03-14T04:23:31.463Z] 
[debug] [2020-03-14T04:23:31.475Z] > command requires scopes: ["email","openid","https://www.googleapis.com/auth/cloudplatformprojects.readonly","https://www.googleapis.com/auth/firebase","https://www.googleapis.com/auth/cloud-platform"]
[debug] [2020-03-14T04:23:31.475Z] > authorizing via signed-in user
[debug] [2020-03-14T04:23:31.475Z] [iam] checking project parish-digital for permissions ["firebase.projects.get","firebasehosting.sites.update"]
[debug] [2020-03-14T04:23:31.476Z] > refreshing access token with scopes: ["email","https://www.googleapis.com/auth/cloud-platform","https://www.googleapis.com/auth/cloudplatformprojects.readonly","https://www.googleapis.com/auth/firebase","openid"]
[debug] [2020-03-14T04:23:31.477Z] >>> HTTP REQUEST POST https://www.googleapis.com/oauth2/v3/token  
 <request body omitted>
[debug] [2020-03-14T04:23:31.691Z] <<< HTTP RESPONSE 200
[debug] [2020-03-14T04:23:31.723Z] >>> HTTP REQUEST POST https://cloudresourcemanager.googleapis.com/v1/projects/parish-digital:testIamPermissions  

[debug] [2020-03-14T04:23:31.942Z] <<< HTTP RESPONSE 200
[debug] [2020-03-14T04:23:31.943Z] >>> HTTP REQUEST GET https://firebase.googleapis.com/v1beta1/projects/parish-digital  
 
[debug] [2020-03-14T04:23:32.262Z] <<< HTTP RESPONSE 200
[info] 
[info] === Deploying to 'parish-digital'...
[info] 
[info] i  deploying hosting
[debug] [2020-03-14T04:23:32.267Z] >>> HTTP REQUEST POST https://firebasehosting.googleapis.com/v1beta1/sites/parish-digital/versions  

[debug] [2020-03-14T04:23:33.297Z] <<< HTTP RESPONSE 200
[info] i  hosting[parish-digital]: beginning deploy...
[info] i  hosting[parish-digital]: found 61 files in build
[debug] [2020-03-14T04:23:35.226Z] [hosting] hash cache [YnVpbGQ] stored for 61 files
[debug] [2020-03-14T04:23:35.227Z] [hosting][hash queue][FINAL]
[debug] [2020-03-14T04:23:35.227Z] >>> HTTP REQUEST POST https://firebasehosting.googleapis.com/v1beta1/sites/parish-digital/versions/69b5f61a212e5e1d:populateFiles  
 <request body omitted>
[debug] [2020-03-14T04:23:36.382Z] <<< HTTP RESPONSE 200
[debug] [2020-03-14T04:23:36.402Z] [hosting][populate queue][FINAL]
[debug] [2020-03-14T04:23:36.402Z] [hosting] uploads queued: 32
